<?xml version="1.0" encoding="UTF-8"?>
<testng-results skipped="0" failed="1" ignored="0" total="4" passed="3">
  <reporter-output>
  </reporter-output>
  <suite name="Default suite" duration-ms="71193" started-at="2019-09-23T16:54:44Z" finished-at="2019-09-23T16:55:55Z">
    <groups>
    </groups>
    <test name="Default test" duration-ms="71193" started-at="2019-09-23T16:54:44Z" finished-at="2019-09-23T16:55:55Z">
      <class name="com.webappsecurity.tests.PayBillsPageTest">
        <test-method status="PASS" signature="setUp()[pri:0, instance:com.webappsecurity.tests.PayBillsPageTest@50b494a6]" name="setUp" is-config="true" duration-ms="31340" started-at="2019-09-23T16:54:44Z" finished-at="2019-09-23T16:55:16Z">
          <reporter-output>
          </reporter-output>
        </test-method> <!-- setUp -->
        <test-method status="FAIL" signature="validatePayBillsPayeetextTest()[pri:0, instance:com.webappsecurity.tests.PayBillsPageTest@50b494a6]" name="validatePayBillsPayeetextTest" duration-ms="6624" started-at="2019-09-23T16:55:16Z" finished-at="2019-09-23T16:55:22Z">
          <exception class="java.lang.AssertionError">
            <message>
              <![CDATA[expected [] but found [For 12119415161214 Sprint account]]]>
            </message>
            <full-stacktrace>
              <![CDATA[java.lang.AssertionError: expected [] but found [For 12119415161214 Sprint account]
at org.testng.Assert.fail(Assert.java:96)
at org.testng.Assert.failNotEquals(Assert.java:776)
at org.testng.Assert.assertEqualsImpl(Assert.java:137)
at org.testng.Assert.assertEquals(Assert.java:118)
at org.testng.Assert.assertEquals(Assert.java:453)
at org.testng.Assert.assertEquals(Assert.java:463)
at com.webappsecurity.tests.PayBillsPageTest.validatePayBillsPayeetextTest(PayBillsPageTest.java:28)
at sun.reflect.NativeMethodAccessorImpl.invoke0(Native Method)
at sun.reflect.NativeMethodAccessorImpl.invoke(Unknown Source)
at sun.reflect.DelegatingMethodAccessorImpl.invoke(Unknown Source)
at java.lang.reflect.Method.invoke(Unknown Source)
at org.testng.internal.MethodInvocationHelper.invokeMethod(MethodInvocationHelper.java:124)
at org.testng.internal.Invoker.invokeMethod(Invoker.java:583)
at org.testng.internal.Invoker.invokeTestMethod(Invoker.java:719)
at org.testng.internal.Invoker.invokeTestMethods(Invoker.java:989)
at org.testng.internal.TestMethodWorker.invokeTestMethods(TestMethodWorker.java:125)
at org.testng.internal.TestMethodWorker.run(TestMethodWorker.java:109)
at org.testng.TestRunner.privateRun(TestRunner.java:648)
at org.testng.TestRunner.run(TestRunner.java:505)
at org.testng.SuiteRunner.runTest(SuiteRunner.java:455)
at org.testng.SuiteRunner.runSequentially(SuiteRunner.java:450)
at org.testng.SuiteRunner.privateRun(SuiteRunner.java:415)
at org.testng.SuiteRunner.run(SuiteRunner.java:364)
at org.testng.SuiteRunnerWorker.runSuite(SuiteRunnerWorker.java:52)
at org.testng.SuiteRunnerWorker.run(SuiteRunnerWorker.java:84)
at org.testng.TestNG.runSuitesSequentially(TestNG.java:1208)
at org.testng.TestNG.runSuitesLocally(TestNG.java:1137)
at org.testng.TestNG.runSuites(TestNG.java:1049)
at org.testng.TestNG.run(TestNG.java:1017)
at org.testng.remote.AbstractRemoteTestNG.run(AbstractRemoteTestNG.java:115)
at org.testng.remote.RemoteTestNG.initAndRun(RemoteTestNG.java:251)
at org.testng.remote.RemoteTestNG.main(RemoteTestNG.java:77)
]]>
            </full-stacktrace>
          </exception> <!-- java.lang.AssertionError -->
          <reporter-output>
          </reporter-output>
        </test-method> <!-- validatePayBillsPayeetextTest -->
        <test-method status="PASS" signature="tearDown()[pri:0, instance:com.webappsecurity.tests.PayBillsPageTest@50b494a6]" name="tearDown" is-config="true" duration-ms="968" started-at="2019-09-23T16:55:22Z" finished-at="2019-09-23T16:55:23Z">
          <reporter-output>
          </reporter-output>
        </test-method> <!-- tearDown -->
        <test-method status="PASS" signature="setUp()[pri:0, instance:com.webappsecurity.tests.PayBillsPageTest@50b494a6]" name="setUp" is-config="true" duration-ms="7533" started-at="2019-09-23T16:55:23Z" finished-at="2019-09-23T16:55:31Z">
          <reporter-output>
          </reporter-output>
        </test-method> <!-- setUp -->
        <test-method status="PASS" signature="verifyEnterAmountFields()[pri:0, instance:com.webappsecurity.tests.PayBillsPageTest@50b494a6]" name="verifyEnterAmountFields" duration-ms="5521" started-at="2019-09-23T16:55:31Z" finished-at="2019-09-23T16:55:36Z">
          <reporter-output>
          </reporter-output>
        </test-method> <!-- verifyEnterAmountFields -->
        <test-method status="PASS" signature="tearDown()[pri:0, instance:com.webappsecurity.tests.PayBillsPageTest@50b494a6]" name="tearDown" is-config="true" duration-ms="901" started-at="2019-09-23T16:55:36Z" finished-at="2019-09-23T16:55:37Z">
          <reporter-output>
          </reporter-output>
        </test-method> <!-- tearDown -->
        <test-method status="PASS" signature="setUp()[pri:0, instance:com.webappsecurity.tests.PayBillsPageTest@50b494a6]" name="setUp" is-config="true" duration-ms="4920" started-at="2019-09-23T16:55:37Z" finished-at="2019-09-23T16:55:42Z">
          <reporter-output>
          </reporter-output>
        </test-method> <!-- setUp -->
        <test-method status="PASS" signature="verifyEnterDate()[pri:0, instance:com.webappsecurity.tests.PayBillsPageTest@50b494a6]" name="verifyEnterDate" duration-ms="3553" started-at="2019-09-23T16:55:42Z" finished-at="2019-09-23T16:55:46Z">
          <reporter-output>
          </reporter-output>
        </test-method> <!-- verifyEnterDate -->
        <test-method status="PASS" signature="tearDown()[pri:0, instance:com.webappsecurity.tests.PayBillsPageTest@50b494a6]" name="tearDown" is-config="true" duration-ms="763" started-at="2019-09-23T16:55:46Z" finished-at="2019-09-23T16:55:47Z">
          <reporter-output>
          </reporter-output>
        </test-method> <!-- tearDown -->
        <test-method status="PASS" signature="setUp()[pri:0, instance:com.webappsecurity.tests.PayBillsPageTest@50b494a6]" name="setUp" is-config="true" duration-ms="4077" started-at="2019-09-23T16:55:47Z" finished-at="2019-09-23T16:55:51Z">
          <reporter-output>
          </reporter-output>
        </test-method> <!-- setUp -->
        <test-method status="PASS" signature="verifyEnterDescriptionFields()[pri:0, instance:com.webappsecurity.tests.PayBillsPageTest@50b494a6]" name="verifyEnterDescriptionFields" duration-ms="3967" started-at="2019-09-23T16:55:51Z" finished-at="2019-09-23T16:55:55Z">
          <reporter-output>
          </reporter-output>
        </test-method> <!-- verifyEnterDescriptionFields -->
        <test-method status="PASS" signature="tearDown()[pri:0, instance:com.webappsecurity.tests.PayBillsPageTest@50b494a6]" name="tearDown" is-config="true" duration-ms="747" started-at="2019-09-23T16:55:55Z" finished-at="2019-09-23T16:55:55Z">
          <reporter-output>
          </reporter-output>
        </test-method> <!-- tearDown -->
      </class> <!-- com.webappsecurity.tests.PayBillsPageTest -->
    </test> <!-- Default test -->
  </suite> <!-- Default suite -->
</testng-results>
